2025-03-31 19:00:28 0 [Note] Starting MariaDB 10.4.32-MariaDB source revision c4143f909528e3fab0677a28631d10389354c491 as process 12968
2025-03-31 19:00:28 0 [Note] InnoDB: Mutexes and rw_locks use Windows interlocked functions
2025-03-31 19:00:28 0 [Note] InnoDB: Uses event mutexes
2025-03-31 19:00:28 0 [Note] InnoDB: Compressed tables use zlib 1.3
2025-03-31 19:00:28 0 [Note] InnoDB: Number of pools: 1
2025-03-31 19:00:28 0 [Note] InnoDB: Using SSE2 crc32 instructions
2025-03-31 19:00:28 0 [Note] InnoDB: Initializing buffer pool, total size = 16M, instances = 1, chunk size = 16M
2025-03-31 19:00:28 0 [Note] InnoDB: Completed initialization of buffer pool
2025-03-31 19:00:28 0 [Note] InnoDB: Starting crash recovery from checkpoint LSN=300288
2025-03-31 19:00:28 0 [Note] InnoDB: 128 out of 128 rollback segments are active.
2025-03-31 19:00:28 0 [Note] InnoDB: Removed temporary tablespace data file: "ibtmp1"
2025-03-31 19:00:28 0 [Note] InnoDB: Creating shared tablespace for temporary tables
2025-03-31 19:00:28 0 [Note] InnoDB: Setting file 'C:\xampp\mysql\data\ibtmp1' size to 12 MB. Physically writing the file full; Please wait ...
2025-03-31 19:00:28 0 [Note] InnoDB: File 'C:\xampp\mysql\data\ibtmp1' size is now 12 MB.
2025-03-31 19:00:28 0 [Note] InnoDB: Waiting for purge to start
2025-03-31 19:00:28 0 [Note] InnoDB: 10.4.32 started; log sequence number 300297; transaction id 170
2025-03-31 19:00:28 0 [Note] InnoDB: Loading buffer pool(s) from C:\xampp\mysql\data\ib_buffer_pool
2025-03-31 19:00:28 0 [Note] Plugin 'FEEDBACK' is disabled.
2025-03-31 19:00:28 0 [Note] InnoDB: Buffer pool(s) load completed at 250331 19:00:28
2025-03-31 19:00:28 0 [Note] Server socket created on IP: '::'.
2025-03-31 23:02:20 0 [Note] Starting MariaDB 10.4.32-MariaDB source revision c4143f909528e3fab0677a28631d10389354c491 as process 15680
2025-03-31 23:02:20 0 [Note] InnoDB: Mutexes and rw_locks use Windows interlocked functions
2025-03-31 23:02:20 0 [Note] InnoDB: Uses event mutexes
2025-03-31 23:02:20 0 [Note] InnoDB: Compressed tables use zlib 1.3
2025-03-31 23:02:20 0 [Note] InnoDB: Number of pools: 1
2025-03-31 23:02:20 0 [Note] InnoDB: Using SSE2 crc32 instructions
2025-03-31 23:02:20 0 [Note] InnoDB: Initializing buffer pool, total size = 16M, instances = 1, chunk size = 16M
2025-03-31 23:02:20 0 [Note] InnoDB: Completed initialization of buffer pool
2025-03-31 23:02:20 0 [Note] InnoDB: Starting crash recovery from checkpoint LSN=399079
2025-03-31 23:02:20 0 [Note] InnoDB: 128 out of 128 rollback segments are active.
2025-03-31 23:02:20 0 [Note] InnoDB: Removed temporary tablespace data file: "ibtmp1"
2025-03-31 23:02:20 0 [Note] InnoDB: Creating shared tablespace for temporary tables
2025-03-31 23:02:20 0 [Note] InnoDB: Setting file 'C:\xampp\mysql\data\ibtmp1' size to 12 MB. Physically writing the file full; Please wait ...
2025-03-31 23:02:20 0 [Note] InnoDB: File 'C:\xampp\mysql\data\ibtmp1' size is now 12 MB.
2025-03-31 23:02:20 0 [Note] InnoDB: Waiting for purge to start
2025-03-31 23:02:20 0 [Note] InnoDB: 10.4.32 started; log sequence number 399088; transaction id 284
2025-03-31 23:02:20 0 [Note] InnoDB: Loading buffer pool(s) from C:\xampp\mysql\data\ib_buffer_pool
2025-03-31 23:02:20 0 [Note] Plugin 'FEEDBACK' is disabled.
2025-03-31 23:02:20 0 [Note] Server socket created on IP: '::'.
2025-04-01  2:59:09 0 [Note] Starting MariaDB 10.4.32-MariaDB source revision c4143f909528e3fab0677a28631d10389354c491 as process 20756
2025-04-01  2:59:09 0 [Note] InnoDB: Mutexes and rw_locks use Windows interlocked functions
2025-04-01  2:59:09 0 [Note] InnoDB: Uses event mutexes
2025-04-01  2:59:09 0 [Note] InnoDB: Compressed tables use zlib 1.3
2025-04-01  2:59:09 0 [Note] InnoDB: Number of pools: 1
2025-04-01  2:59:09 0 [Note] InnoDB: Using SSE2 crc32 instructions
2025-04-01  2:59:09 0 [Note] InnoDB: Initializing buffer pool, total size = 16M, instances = 1, chunk size = 16M
2025-04-01  2:59:09 0 [Note] InnoDB: Completed initialization of buffer pool
2025-04-01  2:59:09 0 [Note] InnoDB: Starting crash recovery from checkpoint LSN=514898
2025-04-01  2:59:09 0 [Note] InnoDB: 128 out of 128 rollback segments are active.
2025-04-01  2:59:09 0 [Note] InnoDB: Removed temporary tablespace data file: "ibtmp1"
2025-04-01  2:59:09 0 [Note] InnoDB: Creating shared tablespace for temporary tables
2025-04-01  2:59:09 0 [Note] InnoDB: Setting file 'C:\xampp\mysql\data\ibtmp1' size to 12 MB. Physically writing the file full; Please wait ...
2025-04-01  2:59:09 0 [Note] InnoDB: File 'C:\xampp\mysql\data\ibtmp1' size is now 12 MB.
2025-04-01  2:59:09 0 [Note] InnoDB: Waiting for purge to start
2025-04-01  2:59:09 0 [Note] InnoDB: 10.4.32 started; log sequence number 514907; transaction id 530
2025-04-01  2:59:09 0 [Note] InnoDB: Loading buffer pool(s) from C:\xampp\mysql\data\ib_buffer_pool
2025-04-01  2:59:09 0 [Note] Plugin 'FEEDBACK' is disabled.
2025-04-01  2:59:09 0 [Note] InnoDB: Buffer pool(s) load completed at 250401  2:59:09
2025-04-01  2:59:09 0 [Note] Server socket created on IP: '::'.
2025-04-01  2:59:10 0 [Note] Reading of all Master_info entries succeeded
2025-04-01  2:59:10 0 [Note] Added new Master_info '' to hash table
2025-04-01  2:59:10 0 [Note] c:\xampp\mysql\bin\mysqld.exe: ready for connections.
Version: '10.4.32-MariaDB'  socket: ''  port: 3306  mariadb.org binary distribution
2025-04-01  2:59:45 0 [Note] Starting MariaDB 10.4.32-MariaDB source revision c4143f909528e3fab0677a28631d10389354c491 as process 17612
2025-04-01  2:59:45 0 [Note] InnoDB: Mutexes and rw_locks use Windows interlocked functions
2025-04-01  2:59:45 0 [Note] InnoDB: Uses event mutexes
2025-04-01  2:59:45 0 [Note] InnoDB: Compressed tables use zlib 1.3
2025-04-01  2:59:45 0 [Note] InnoDB: Number of pools: 1
2025-04-01  2:59:45 0 [Note] InnoDB: Using SSE2 crc32 instructions
2025-04-01  2:59:45 0 [Note] InnoDB: Initializing buffer pool, total size = 16M, instances = 1, chunk size = 16M
2025-04-01  2:59:45 0 [Note] InnoDB: Completed initialization of buffer pool
2025-04-01  2:59:45 0 [Note] InnoDB: Starting crash recovery from checkpoint LSN=514916
2025-04-01  2:59:45 0 [Note] InnoDB: 128 out of 128 rollback segments are active.
2025-04-01  2:59:45 0 [Note] InnoDB: Removed temporary tablespace data file: "ibtmp1"
2025-04-01  2:59:45 0 [Note] InnoDB: Creating shared tablespace for temporary tables
2025-04-01  2:59:45 0 [Note] InnoDB: Setting file 'C:\xampp\mysql\data\ibtmp1' size to 12 MB. Physically writing the file full; Please wait ...
2025-04-01  2:59:45 0 [Note] InnoDB: File 'C:\xampp\mysql\data\ibtmp1' size is now 12 MB.
2025-04-01  2:59:45 0 [Note] InnoDB: Waiting for purge to start
2025-04-01  2:59:45 0 [Note] InnoDB: 10.4.32 started; log sequence number 514925; transaction id 530
2025-04-01  2:59:45 0 [Note] InnoDB: Loading buffer pool(s) from C:\xampp\mysql\data\ib_buffer_pool
2025-04-01  2:59:45 0 [Note] Plugin 'FEEDBACK' is disabled.
2025-04-01  2:59:45 0 [Note] InnoDB: Buffer pool(s) load completed at 250401  2:59:45
2025-04-01  2:59:45 0 [Note] Server socket created on IP: '::'.
2025-04-01  2:59:48 0 [Note] Starting MariaDB 10.4.32-MariaDB source revision c4143f909528e3fab0677a28631d10389354c491 as process 21908
2025-04-01  2:59:48 0 [Note] InnoDB: Mutexes and rw_locks use Windows interlocked functions
2025-04-01  2:59:48 0 [Note] InnoDB: Uses event mutexes
2025-04-01  2:59:48 0 [Note] InnoDB: Compressed tables use zlib 1.3
2025-04-01  2:59:48 0 [Note] InnoDB: Number of pools: 1
2025-04-01  2:59:48 0 [Note] InnoDB: Using SSE2 crc32 instructions
2025-04-01  2:59:48 0 [Note] InnoDB: Initializing buffer pool, total size = 16M, instances = 1, chunk size = 16M
2025-04-01  2:59:48 0 [Note] InnoDB: Completed initialization of buffer pool
2025-04-01  2:59:48 0 [Note] InnoDB: Starting crash recovery from checkpoint LSN=514916
2025-04-01  2:59:48 0 [Note] InnoDB: 128 out of 128 rollback segments are active.
2025-04-01  2:59:48 0 [Note] InnoDB: Removed temporary tablespace data file: "ibtmp1"
2025-04-01  2:59:48 0 [Note] InnoDB: Creating shared tablespace for temporary tables
2025-04-01  2:59:48 0 [Note] InnoDB: Setting file 'C:\xampp\mysql\data\ibtmp1' size to 12 MB. Physically writing the file full; Please wait ...
2025-04-01  2:59:48 0 [Note] InnoDB: File 'C:\xampp\mysql\data\ibtmp1' size is now 12 MB.
2025-04-01  2:59:48 0 [Note] InnoDB: Waiting for purge to start
2025-04-01  2:59:48 0 [Note] InnoDB: 10.4.32 started; log sequence number 514925; transaction id 530
2025-04-01  2:59:48 0 [Note] InnoDB: Loading buffer pool(s) from C:\xampp\mysql\data\ib_buffer_pool
2025-04-01  2:59:48 0 [Note] Plugin 'FEEDBACK' is disabled.
2025-04-01  2:59:48 0 [Note] Server socket created on IP: '::'.
2025-04-01  2:59:48 0 [Note] InnoDB: Buffer pool(s) load completed at 250401  2:59:48
2025-04-01  3:07:11 0 [Note] Starting MariaDB 10.4.32-MariaDB source revision c4143f909528e3fab0677a28631d10389354c491 as process 21052
2025-04-01  3:07:11 0 [Note] InnoDB: Mutexes and rw_locks use Windows interlocked functions
2025-04-01  3:07:11 0 [Note] InnoDB: Uses event mutexes
2025-04-01  3:07:11 0 [Note] InnoDB: Compressed tables use zlib 1.3
2025-04-01  3:07:11 0 [Note] InnoDB: Number of pools: 1
2025-04-01  3:07:11 0 [Note] InnoDB: Using SSE2 crc32 instructions
2025-04-01  3:07:11 0 [Note] InnoDB: Initializing buffer pool, total size = 16M, instances = 1, chunk size = 16M
2025-04-01  3:07:11 0 [Note] InnoDB: Completed initialization of buffer pool
2025-04-01  3:07:11 0 [Note] InnoDB: Starting crash recovery from checkpoint LSN=514934
2025-04-01  3:07:11 0 [Note] InnoDB: 128 out of 128 rollback segments are active.
2025-04-01  3:07:11 0 [Note] InnoDB: Removed temporary tablespace data file: "ibtmp1"
2025-04-01  3:07:11 0 [Note] InnoDB: Creating shared tablespace for temporary tables
2025-04-01  3:07:11 0 [Note] InnoDB: Setting file 'C:\xampp\mysql\data\ibtmp1' size to 12 MB. Physically writing the file full; Please wait ...
2025-04-01  3:07:11 0 [Note] InnoDB: File 'C:\xampp\mysql\data\ibtmp1' size is now 12 MB.
2025-04-01  3:07:11 0 [Note] InnoDB: Waiting for purge to start
2025-04-01  3:07:11 0 [Note] InnoDB: 10.4.32 started; log sequence number 514943; transaction id 530
2025-04-01  3:07:11 0 [Note] InnoDB: Loading buffer pool(s) from C:\xampp\mysql\data\ib_buffer_pool
2025-04-01  3:07:11 0 [Note] Plugin 'FEEDBACK' is disabled.
2025-04-01  3:07:11 0 [Note] Server socket created on IP: '::'.
2025-04-01  3:07:11 0 [Note] InnoDB: Buffer pool(s) load completed at 250401  3:07:11
2025-04-01  3:13:58 0 [Note] Starting MariaDB 10.4.32-MariaDB source revision c4143f909528e3fab0677a28631d10389354c491 as process 15496
2025-04-01  3:13:58 0 [Note] InnoDB: Mutexes and rw_locks use Windows interlocked functions
2025-04-01  3:13:58 0 [Note] InnoDB: Uses event mutexes
2025-04-01  3:13:58 0 [Note] InnoDB: Compressed tables use zlib 1.3
2025-04-01  3:13:58 0 [Note] InnoDB: Number of pools: 1
2025-04-01  3:13:58 0 [Note] InnoDB: Using SSE2 crc32 instructions
2025-04-01  3:13:58 0 [Note] InnoDB: Initializing buffer pool, total size = 16M, instances = 1, chunk size = 16M
2025-04-01  3:13:58 0 [Note] InnoDB: Completed initialization of buffer pool
2025-04-01  3:13:58 0 [Note] InnoDB: Starting crash recovery from checkpoint LSN=514952
2025-04-01  3:13:58 0 [Note] InnoDB: 128 out of 128 rollback segments are active.
2025-04-01  3:13:58 0 [Note] InnoDB: Removed temporary tablespace data file: "ibtmp1"
2025-04-01  3:13:58 0 [Note] InnoDB: Creating shared tablespace for temporary tables
2025-04-01  3:13:58 0 [Note] InnoDB: Setting file 'C:\xampp\mysql\data\ibtmp1' size to 12 MB. Physically writing the file full; Please wait ...
2025-04-01  3:13:58 0 [Note] InnoDB: File 'C:\xampp\mysql\data\ibtmp1' size is now 12 MB.
2025-04-01  3:13:58 0 [Note] InnoDB: Waiting for purge to start
2025-04-01  3:13:58 0 [Note] InnoDB: 10.4.32 started; log sequence number 514961; transaction id 530
2025-04-01  3:13:58 0 [Note] InnoDB: Loading buffer pool(s) from C:\xampp\mysql\data\ib_buffer_pool
2025-04-01  3:13:58 0 [Note] Plugin 'FEEDBACK' is disabled.
2025-04-01  3:13:58 0 [Note] Server socket created on IP: '::'.
2025-04-01  3:13:58 0 [Note] InnoDB: Buffer pool(s) load completed at 250401  3:13:58
2025-04-01  3:21:46 0 [Note] Starting MariaDB 10.4.32-MariaDB source revision c4143f909528e3fab0677a28631d10389354c491 as process 17848
2025-04-01  3:21:46 0 [Note] InnoDB: Mutexes and rw_locks use Windows interlocked functions
2025-04-01  3:21:46 0 [Note] InnoDB: Uses event mutexes
2025-04-01  3:21:46 0 [Note] InnoDB: Compressed tables use zlib 1.3
2025-04-01  3:21:46 0 [Note] InnoDB: Number of pools: 1
2025-04-01  3:21:46 0 [Note] InnoDB: Using SSE2 crc32 instructions
2025-04-01  3:21:46 0 [Note] InnoDB: Initializing buffer pool, total size = 16M, instances = 1, chunk size = 16M
2025-04-01  3:21:46 0 [Note] InnoDB: Completed initialization of buffer pool
2025-04-01  3:21:46 0 [Note] InnoDB: Starting crash recovery from checkpoint LSN=514970
2025-04-01  3:21:46 0 [Note] InnoDB: 128 out of 128 rollback segments are active.
2025-04-01  3:21:46 0 [Note] InnoDB: Removed temporary tablespace data file: "ibtmp1"
2025-04-01  3:21:46 0 [Note] InnoDB: Creating shared tablespace for temporary tables
2025-04-01  3:21:46 0 [Note] InnoDB: Setting file 'C:\xampp\mysql\data\ibtmp1' size to 12 MB. Physically writing the file full; Please wait ...
2025-04-01  3:21:46 0 [Note] InnoDB: File 'C:\xampp\mysql\data\ibtmp1' size is now 12 MB.
2025-04-01  3:21:46 0 [Note] InnoDB: Waiting for purge to start
2025-04-01  3:21:46 0 [Note] InnoDB: 10.4.32 started; log sequence number 514979; transaction id 530
2025-04-01  3:21:46 0 [Note] InnoDB: Loading buffer pool(s) from C:\xampp\mysql\data\ib_buffer_pool
2025-04-01  3:21:46 0 [Note] Plugin 'FEEDBACK' is disabled.
2025-04-01  3:21:46 0 [Note] Server socket created on IP: '::'.
2025-04-01  3:22:03 0 [Note] Starting MariaDB 10.4.32-MariaDB source revision c4143f909528e3fab0677a28631d10389354c491 as process 22204
2025-04-01  3:22:03 0 [Note] InnoDB: Mutexes and rw_locks use Windows interlocked functions
2025-04-01  3:22:03 0 [Note] InnoDB: Uses event mutexes
2025-04-01  3:22:03 0 [Note] InnoDB: Compressed tables use zlib 1.3
2025-04-01  3:22:03 0 [Note] InnoDB: Number of pools: 1
2025-04-01  3:22:03 0 [Note] InnoDB: Using SSE2 crc32 instructions
2025-04-01  3:22:03 0 [Note] InnoDB: Initializing buffer pool, total size = 16M, instances = 1, chunk size = 16M
2025-04-01  3:22:03 0 [Note] InnoDB: Completed initialization of buffer pool
2025-04-01  3:22:03 0 [Note] InnoDB: Starting crash recovery from checkpoint LSN=514988
2025-04-01  3:22:03 0 [Note] InnoDB: 128 out of 128 rollback segments are active.
2025-04-01  3:22:03 0 [Note] InnoDB: Removed temporary tablespace data file: "ibtmp1"
2025-04-01  3:22:03 0 [Note] InnoDB: Creating shared tablespace for temporary tables
2025-04-01  3:22:03 0 [Note] InnoDB: Setting file 'C:\xampp\mysql\data\ibtmp1' size to 12 MB. Physically writing the file full; Please wait ...
2025-04-01  3:22:03 0 [Note] InnoDB: File 'C:\xampp\mysql\data\ibtmp1' size is now 12 MB.
2025-04-01  3:22:03 0 [Note] InnoDB: Waiting for purge to start
2025-04-01  3:22:03 0 [Note] InnoDB: 10.4.32 started; log sequence number 514997; transaction id 530
2025-04-01  3:22:03 0 [Note] InnoDB: Loading buffer pool(s) from C:\xampp\mysql\data\ib_buffer_pool
2025-04-01  3:22:03 0 [Note] Plugin 'FEEDBACK' is disabled.
2025-04-01  3:22:03 0 [Note] Server socket created on IP: '::'.
2025-04-01  3:22:03 0 [Note] InnoDB: Buf2025-04-01  3:34:26 0 [Note] Starting MariaDB 10.4.32-MariaDB source revision c4143f909528e3fab0677a28631d10389354c491 as process 20280
2025-04-01  3:34:26 0 [Note] InnoDB: Mutexes and rw_locks use Windows interlocked functions
2025-04-01  3:34:26 0 [Note] InnoDB: Uses event mutexes
2025-04-01  3:34:26 0 [Note] InnoDB: Compressed tables use zlib 1.3
2025-04-01  3:34:26 0 [Note] InnoDB: Number of pools: 1
2025-04-01  3:34:26 0 [Note] InnoDB: Using SSE2 crc32 instructions
2025-04-01  3:34:26 0 [Note] InnoDB: Initializing buffer pool, total size = 16M, instances = 1, chunk size = 16M
2025-04-01  3:34:26 0 [Note] InnoDB: Completed initialization of buffer pool
2025-04-01  3:34:26 0 [Note] InnoDB: Starting crash recovery from checkpoint LSN=515006
2025-04-01  3:34:26 0 [Note] InnoDB: 128 out of 128 rollback segments are active.
2025-04-01  3:34:26 0 [Note] InnoDB: Removed temporary tablespace data file: "ibtmp1"
2025-04-01  3:34:26 0 [Note] InnoDB: Creating shared tablespace for temporary tables
2025-04-01  3:34:26 0 [Note] InnoDB: Setting file 'C:\xampp\mysql\data\ibtmp1' size to 12 MB. Physically writing the file full; Please wait ...
2025-04-01  3:34:26 0 [Note] InnoDB: File 'C:\xampp\mysql\data\ibtmp1' size is now 12 MB.
2025-04-01  3:34:26 0 [Note] InnoDB: Waiting for purge to start
2025-04-01  3:34:26 0 [Note] InnoDB: 10.4.32 started; log sequence number 515015; transaction id 530
2025-04-01  3:34:26 0 [Note] InnoDB: Loading buffer pool(s) from C:\xampp\mysql\data\ib_buffer_pool
2025-04-01  3:34:26 0 [Note] Plugin 'FEEDBACK' is disabled.
2025-04-01  3:34:26 0 [Note] Server socket created on IP: '::'.
22025-04-01 22:22:35 0 [Note] Starting MariaDB 10.4.32-MariaDB source revision c4143f909528e3fab0677a28631d10389354c491 as process 9132
2025-04-01 22:22:36 0 [Note] InnoDB: Mutexes and rw_locks use Windows interlocked functions
2025-04-01 22:22:36 0 [Note] InnoDB: Uses event mutexes
2025-04-01 22:22:36 0 [Note] InnoDB: Compressed tables use zlib 1.3
2025-04-01 22:22:36 0 [Note] InnoDB: Number of pools: 1
2025-04-01 22:22:36 0 [Note] InnoDB: Using SSE2 crc32 instructions
2025-04-01 22:22:36 0 [Note] InnoDB: Initializing buffer pool, total size = 16M, instances = 1, chunk size = 16M
2025-04-01 22:22:36 0 [Note] InnoDB: Completed initialization of buffer pool
2025-04-01 22:22:36 0 [Note] InnoDB: Starting crash recovery from checkpoint LSN=515006
2025-04-01 22:22:36 0 [Note] InnoDB: 128 out of 128 rollback segments are active.
2025-04-01 22:22:36 0 [Note] InnoDB: Removed temporary tablespace data file: "ibtmp1"
2025-04-01 22:22:36 0 [Note] InnoDB: Creating shared tablespace for temporary tables
2025-04-01 22:22:36 0 [Note] InnoDB: Setting file 'C:\xampp\mysql\data\ibtmp1' size to 12 MB. Physically writing the file full; Please wait ...
2025-04-01 22:22:36 0 [Note] InnoDB: File 'C:\xampp\mysql\data\ibtmp1' size is now 12 MB.
2025-04-01 22:22:36 0 [Note] InnoDB: Waiting for purge to start
2025-04-01 22:22:36 0 [Note] InnoDB: 10.4.32 started; log sequence number 515015; transaction id 530
2025-04-01 22:22:36 0 [Note] InnoDB: Loading buffer pool(s) from C:\xampp\mysql\data\ib_buffer_pool
2025-04-01 22:22:36 0 [Note] Plugin 'FEEDBACK' is disabled.
2025-04-01 22:22:36 0 [Note] Server socket created on IP: '::'.
